<?xml version="1.0" encoding="UTF-8"?>
<testsuite xmlns:xsi="http://www.w3.org/2001/XMLSchema-instance" xsi:noNamespaceSchemaLocation="https://maven.apache.org/surefire/maven-surefire-plugin/xsd/surefire-test-report.xsd" name="TestRunner" time="19.081" tests="8" errors="0" skipped="0" failures="0">
  <properties>
    <property name="gopherProxySet" value="false"/>
    <property name="awt.toolkit" value="sun.lwawt.macosx.LWCToolkit"/>
    <property name="java.specification.version" value="11"/>
    <property name="sun.cpu.isalist" value=""/>
    <property name="sun.jnu.encoding" value="UTF-8"/>
    <property name="java.class.path" value="/Users/di298062/Downloads/selenium_ui_automation_pom-main/target/test-classes:/Users/di298062/Downloads/selenium_ui_automation_pom-main/target/classes:/Users/di298062/.m2/repository/info/cukes/cucumber-java/1.2.5/cucumber-java-1.2.5.jar:/Users/di298062/.m2/repository/info/cukes/cucumber-core/1.2.5/cucumber-core-1.2.5.jar:/Users/di298062/.m2/repository/info/cukes/cucumber-html/0.2.3/cucumber-html-0.2.3.jar:/Users/di298062/.m2/repository/info/cukes/cucumber-jvm-deps/1.0.5/cucumber-jvm-deps-1.0.5.jar:/Users/di298062/.m2/repository/info/cukes/gherkin/2.12.2/gherkin-2.12.2.jar:/Users/di298062/.m2/repository/info/cukes/cucumber-junit/1.2.5/cucumber-junit-1.2.5.jar:/Users/di298062/.m2/repository/junit/junit/4.13.1/junit-4.13.1.jar:/Users/di298062/.m2/repository/org/hamcrest/hamcrest-core/1.3/hamcrest-core-1.3.jar:/Users/di298062/.m2/repository/org/seleniumhq/selenium/selenium-java/3.141.59/selenium-java-3.141.59.jar:/Users/di298062/.m2/repository/org/seleniumhq/selenium/selenium-api/3.141.59/selenium-api-3.141.59.jar:/Users/di298062/.m2/repository/org/seleniumhq/selenium/selenium-chrome-driver/3.141.59/selenium-chrome-driver-3.141.59.jar:/Users/di298062/.m2/repository/org/seleniumhq/selenium/selenium-edge-driver/3.141.59/selenium-edge-driver-3.141.59.jar:/Users/di298062/.m2/repository/org/seleniumhq/selenium/selenium-firefox-driver/3.141.59/selenium-firefox-driver-3.141.59.jar:/Users/di298062/.m2/repository/org/seleniumhq/selenium/selenium-ie-driver/3.141.59/selenium-ie-driver-3.141.59.jar:/Users/di298062/.m2/repository/org/seleniumhq/selenium/selenium-opera-driver/3.141.59/selenium-opera-driver-3.141.59.jar:/Users/di298062/.m2/repository/org/seleniumhq/selenium/selenium-remote-driver/3.141.59/selenium-remote-driver-3.141.59.jar:/Users/di298062/.m2/repository/org/seleniumhq/selenium/selenium-safari-driver/3.141.59/selenium-safari-driver-3.141.59.jar:/Users/di298062/.m2/repository/org/seleniumhq/selenium/selenium-support/3.141.59/selenium-support-3.141.59.jar:/Users/di298062/.m2/repository/net/bytebuddy/byte-buddy/1.8.15/byte-buddy-1.8.15.jar:/Users/di298062/.m2/repository/org/apache/commons/commons-exec/1.3/commons-exec-1.3.jar:/Users/di298062/.m2/repository/com/google/guava/guava/25.0-jre/guava-25.0-jre.jar:/Users/di298062/.m2/repository/com/google/code/findbugs/jsr305/1.3.9/jsr305-1.3.9.jar:/Users/di298062/.m2/repository/org/checkerframework/checker-compat-qual/2.0.0/checker-compat-qual-2.0.0.jar:/Users/di298062/.m2/repository/com/google/errorprone/error_prone_annotations/2.1.3/error_prone_annotations-2.1.3.jar:/Users/di298062/.m2/repository/com/google/j2objc/j2objc-annotations/1.1/j2objc-annotations-1.1.jar:/Users/di298062/.m2/repository/org/codehaus/mojo/animal-sniffer-annotations/1.14/animal-sniffer-annotations-1.14.jar:/Users/di298062/.m2/repository/com/squareup/okhttp3/okhttp/3.11.0/okhttp-3.11.0.jar:/Users/di298062/.m2/repository/com/squareup/okio/okio/1.14.0/okio-1.14.0.jar:/Users/di298062/.m2/repository/io/github/bonigarcia/webdrivermanager/3.6.0/webdrivermanager-3.6.0.jar:/Users/di298062/.m2/repository/org/slf4j/slf4j-api/1.7.25/slf4j-api-1.7.25.jar:/Users/di298062/.m2/repository/commons-io/commons-io/2.6/commons-io-2.6.jar:/Users/di298062/.m2/repository/com/google/code/gson/gson/2.8.5/gson-2.8.5.jar:/Users/di298062/.m2/repository/org/apache/commons/commons-lang3/3.8.1/commons-lang3-3.8.1.jar:/Users/di298062/.m2/repository/org/apache/httpcomponents/httpclient/4.5.6/httpclient-4.5.6.jar:/Users/di298062/.m2/repository/org/apache/httpcomponents/httpcore/4.4.10/httpcore-4.4.10.jar:/Users/di298062/.m2/repository/commons-logging/commons-logging/1.2/commons-logging-1.2.jar:/Users/di298062/.m2/repository/commons-codec/commons-codec/1.10/commons-codec-1.10.jar:/Users/di298062/.m2/repository/org/rauschig/jarchivelib/1.0.0/jarchivelib-1.0.0.jar:/Users/di298062/.m2/repository/org/apache/commons/commons-compress/1.18/commons-compress-1.18.jar:/Users/di298062/.m2/repository/org/jsoup/jsoup/1.11.3/jsoup-1.11.3.jar:"/>
    <property name="java.vm.vendor" value="AdoptOpenJDK"/>
    <property name="sun.arch.data.model" value="64"/>
    <property name="java.vendor.url" value="https://adoptopenjdk.net/"/>
    <property name="user.timezone" value=""/>
    <property name="java.vm.specification.version" value="11"/>
    <property name="os.name" value="Mac OS X"/>
    <property name="sun.java.launcher" value="SUN_STANDARD"/>
    <property name="user.country" value="GB"/>
    <property name="sun.boot.library.path" value="/Library/Java/JavaVirtualMachines/adoptopenjdk-11.jdk/Contents/Home/lib"/>
    <property name="sun.java.command" value="/Users/di298062/Downloads/selenium_ui_automation_pom-main/target/surefire/surefirebooter2265459770821632962.jar /Users/di298062/Downloads/selenium_ui_automation_pom-main/target/surefire 2022-11-29T12-41-33_092-jvmRun1 surefire6838817133783011765tmp surefire_01279605023910386894tmp"/>
    <property name="http.nonProxyHosts" value="local|*.local|169.254/16|*.169.254/16"/>
    <property name="jdk.debug" value="release"/>
    <property name="surefire.test.class.path" value="/Users/di298062/Downloads/selenium_ui_automation_pom-main/target/test-classes:/Users/di298062/Downloads/selenium_ui_automation_pom-main/target/classes:/Users/di298062/.m2/repository/info/cukes/cucumber-java/1.2.5/cucumber-java-1.2.5.jar:/Users/di298062/.m2/repository/info/cukes/cucumber-core/1.2.5/cucumber-core-1.2.5.jar:/Users/di298062/.m2/repository/info/cukes/cucumber-html/0.2.3/cucumber-html-0.2.3.jar:/Users/di298062/.m2/repository/info/cukes/cucumber-jvm-deps/1.0.5/cucumber-jvm-deps-1.0.5.jar:/Users/di298062/.m2/repository/info/cukes/gherkin/2.12.2/gherkin-2.12.2.jar:/Users/di298062/.m2/repository/info/cukes/cucumber-junit/1.2.5/cucumber-junit-1.2.5.jar:/Users/di298062/.m2/repository/junit/junit/4.13.1/junit-4.13.1.jar:/Users/di298062/.m2/repository/org/hamcrest/hamcrest-core/1.3/hamcrest-core-1.3.jar:/Users/di298062/.m2/repository/org/seleniumhq/selenium/selenium-java/3.141.59/selenium-java-3.141.59.jar:/Users/di298062/.m2/repository/org/seleniumhq/selenium/selenium-api/3.141.59/selenium-api-3.141.59.jar:/Users/di298062/.m2/repository/org/seleniumhq/selenium/selenium-chrome-driver/3.141.59/selenium-chrome-driver-3.141.59.jar:/Users/di298062/.m2/repository/org/seleniumhq/selenium/selenium-edge-driver/3.141.59/selenium-edge-driver-3.141.59.jar:/Users/di298062/.m2/repository/org/seleniumhq/selenium/selenium-firefox-driver/3.141.59/selenium-firefox-driver-3.141.59.jar:/Users/di298062/.m2/repository/org/seleniumhq/selenium/selenium-ie-driver/3.141.59/selenium-ie-driver-3.141.59.jar:/Users/di298062/.m2/repository/org/seleniumhq/selenium/selenium-opera-driver/3.141.59/selenium-opera-driver-3.141.59.jar:/Users/di298062/.m2/repository/org/seleniumhq/selenium/selenium-remote-driver/3.141.59/selenium-remote-driver-3.141.59.jar:/Users/di298062/.m2/repository/org/seleniumhq/selenium/selenium-safari-driver/3.141.59/selenium-safari-driver-3.141.59.jar:/Users/di298062/.m2/repository/org/seleniumhq/selenium/selenium-support/3.141.59/selenium-support-3.141.59.jar:/Users/di298062/.m2/repository/net/bytebuddy/byte-buddy/1.8.15/byte-buddy-1.8.15.jar:/Users/di298062/.m2/repository/org/apache/commons/commons-exec/1.3/commons-exec-1.3.jar:/Users/di298062/.m2/repository/com/google/guava/guava/25.0-jre/guava-25.0-jre.jar:/Users/di298062/.m2/repository/com/google/code/findbugs/jsr305/1.3.9/jsr305-1.3.9.jar:/Users/di298062/.m2/repository/org/checkerframework/checker-compat-qual/2.0.0/checker-compat-qual-2.0.0.jar:/Users/di298062/.m2/repository/com/google/errorprone/error_prone_annotations/2.1.3/error_prone_annotations-2.1.3.jar:/Users/di298062/.m2/repository/com/google/j2objc/j2objc-annotations/1.1/j2objc-annotations-1.1.jar:/Users/di298062/.m2/repository/org/codehaus/mojo/animal-sniffer-annotations/1.14/animal-sniffer-annotations-1.14.jar:/Users/di298062/.m2/repository/com/squareup/okhttp3/okhttp/3.11.0/okhttp-3.11.0.jar:/Users/di298062/.m2/repository/com/squareup/okio/okio/1.14.0/okio-1.14.0.jar:/Users/di298062/.m2/repository/io/github/bonigarcia/webdrivermanager/3.6.0/webdrivermanager-3.6.0.jar:/Users/di298062/.m2/repository/org/slf4j/slf4j-api/1.7.25/slf4j-api-1.7.25.jar:/Users/di298062/.m2/repository/commons-io/commons-io/2.6/commons-io-2.6.jar:/Users/di298062/.m2/repository/com/google/code/gson/gson/2.8.5/gson-2.8.5.jar:/Users/di298062/.m2/repository/org/apache/commons/commons-lang3/3.8.1/commons-lang3-3.8.1.jar:/Users/di298062/.m2/repository/org/apache/httpcomponents/httpclient/4.5.6/httpclient-4.5.6.jar:/Users/di298062/.m2/repository/org/apache/httpcomponents/httpcore/4.4.10/httpcore-4.4.10.jar:/Users/di298062/.m2/repository/commons-logging/commons-logging/1.2/commons-logging-1.2.jar:/Users/di298062/.m2/repository/commons-codec/commons-codec/1.10/commons-codec-1.10.jar:/Users/di298062/.m2/repository/org/rauschig/jarchivelib/1.0.0/jarchivelib-1.0.0.jar:/Users/di298062/.m2/repository/org/apache/commons/commons-compress/1.18/commons-compress-1.18.jar:/Users/di298062/.m2/repository/org/jsoup/jsoup/1.11.3/jsoup-1.11.3.jar:"/>
    <property name="sun.cpu.endian" value="little"/>
    <property name="user.home" value="/Users/di298062"/>
    <property name="user.language" value="en"/>
    <property name="java.specification.vendor" value="Oracle Corporation"/>
    <property name="java.version.date" value="2020-11-04"/>
    <property name="java.home" value="/Library/Java/JavaVirtualMachines/adoptopenjdk-11.jdk/Contents/Home"/>
    <property name="file.separator" value="/"/>
    <property name="basedir" value="/Users/di298062/Downloads/selenium_ui_automation_pom-main"/>
    <property name="java.vm.compressedOopsMode" value="Zero based"/>
    <property name="line.separator" value="&#10;"/>
    <property name="java.specification.name" value="Java Platform API Specification"/>
    <property name="java.vm.specification.vendor" value="Oracle Corporation"/>
    <property name="java.awt.graphicsenv" value="sun.awt.CGraphicsEnvironment"/>
    <property name="surefire.real.class.path" value="/Users/di298062/Downloads/selenium_ui_automation_pom-main/target/surefire/surefirebooter2265459770821632962.jar"/>
    <property name="sun.management.compiler" value="HotSpot 64-Bit Tiered Compilers"/>
    <property name="ftp.nonProxyHosts" value="local|*.local|169.254/16|*.169.254/16"/>
    <property name="java.runtime.version" value="11.0.9.1+1"/>
    <property name="user.name" value="di298062"/>
    <property name="path.separator" value=":"/>
    <property name="os.version" value="10.16"/>
    <property name="java.runtime.name" value="OpenJDK Runtime Environment"/>
    <property name="file.encoding" value="UTF-8"/>
    <property name="java.vm.name" value="OpenJDK 64-Bit Server VM"/>
    <property name="java.vendor.version" value="AdoptOpenJDK"/>
    <property name="localRepository" value="/Users/di298062/.m2/repository"/>
    <property name="java.vendor.url.bug" value="https://github.com/AdoptOpenJDK/openjdk-support/issues"/>
    <property name="java.io.tmpdir" value="/var/folders/28/c1ntvnxj6dvg16xhf9gt7p_c0000gq/T/"/>
    <property name="java.version" value="11.0.9.1"/>
    <property name="user.dir" value="/Users/di298062/Downloads/selenium_ui_automation_pom-main"/>
    <property name="os.arch" value="x86_64"/>
    <property name="java.vm.specification.name" value="Java Virtual Machine Specification"/>
    <property name="java.awt.printerjob" value="sun.lwawt.macosx.CPrinterJob"/>
    <property name="sun.os.patch.level" value="unknown"/>
    <property name="java.library.path" value="/Users/di298062/Library/Java/Extensions:/Library/Java/Extensions:/Network/Library/Java/Extensions:/System/Library/Java/Extensions:/usr/lib/java:."/>
    <property name="java.vm.info" value="mixed mode"/>
    <property name="java.vendor" value="AdoptOpenJDK"/>
    <property name="java.vm.version" value="11.0.9.1+1"/>
    <property name="sun.io.unicode.encoding" value="UnicodeBig"/>
    <property name="java.class.version" value="55.0"/>
    <property name="socksNonProxyHosts" value="local|*.local|169.254/16|*.169.254/16"/>
  </properties>
  <testcase name="Given Load Trace Parts website" classname="Scenario: Search for product and proceed to checkout" time="0.001"/>
  <testcase name="When I enter Photoelectric Sensor in the textbox and click the Search icon" classname="Scenario: Search for product and proceed to checkout" time="0.001"/>
  <testcase name="Then I select the first product that is displayed" classname="Scenario: Search for product and proceed to checkout" time="0"/>
  <testcase name="Then I verify that the Product Title has LD46" classname="Scenario: Search for product and proceed to checkout" time="0"/>
  <testcase name="And I verify that the Product Description has LD46-UL-715" classname="Scenario: Search for product and proceed to checkout" time="0"/>
  <testcase name="Then I Right click on the 3D Model Product Image that is displayed in the 3D Viewer" classname="Scenario: Search for product and proceed to checkout" time="0"/>
  <testcase name="And In the Views option that is displayed I Click on Left and verify that the 3D Viewer displays the left side of the image" classname="Scenario: Search for product and proceed to checkout" time="0"/>
  <testcase name="Scenario: Search for product and proceed to checkout" classname="Scenario: Search for product and proceed to checkout" time="1.259"/>
</testsuite>